2018-10-22 11:38:42.646623: I tensorflow/core/platform/cpu_feature_guard.cc:140] Your CPU supports instructions that this TensorFlow binary was not compiled to use: AVX AVX2 FMA
2018-10-22 11:38:42.733948: I tensorflow/stream_executor/cuda/cuda_gpu_executor.cc:898] successful NUMA node read from SysFS had negative value (-1), but there must be at least one NUMA node, so returning NUMA node zero
2018-10-22 11:38:42.734198: I tensorflow/core/common_runtime/gpu/gpu_device.cc:1344] Found device 0 with properties: 
name: Quadro P4000 major: 6 minor: 1 memoryClockRate(GHz): 1.48
pciBusID: 0000:00:05.0
totalMemory: 7.92GiB freeMemory: 3.83GiB
2018-10-22 11:38:42.734222: I tensorflow/core/common_runtime/gpu/gpu_device.cc:1423] Adding visible gpu devices: 0
2018-10-22 11:38:43.052129: I tensorflow/core/common_runtime/gpu/gpu_device.cc:911] Device interconnect StreamExecutor with strength 1 edge matrix:
2018-10-22 11:38:43.052188: I tensorflow/core/common_runtime/gpu/gpu_device.cc:917]      0 
2018-10-22 11:38:43.052199: I tensorflow/core/common_runtime/gpu/gpu_device.cc:930] 0:   N 
2018-10-22 11:38:43.052350: I tensorflow/core/common_runtime/gpu/gpu_device.cc:1041] Created TensorFlow device (/job:localhost/replica:0/task:0/device:GPU:0 with 3651 MB memory) -> physical GPU (device: 0, name: Quadro P4000, pci bus id: 0000:00:05.0, compute capability: 6.1)
2018-10-22 11:38:45.112451: I tensorflow/core/common_runtime/gpu/gpu_device.cc:1423] Adding visible gpu devices: 0
2018-10-22 11:38:45.112512: I tensorflow/core/common_runtime/gpu/gpu_device.cc:911] Device interconnect StreamExecutor with strength 1 edge matrix:
2018-10-22 11:38:45.112523: I tensorflow/core/common_runtime/gpu/gpu_device.cc:917]      0 
2018-10-22 11:38:45.112529: I tensorflow/core/common_runtime/gpu/gpu_device.cc:930] 0:   N 
2018-10-22 11:38:45.112658: I tensorflow/core/common_runtime/gpu/gpu_device.cc:1041] Created TensorFlow device (/job:localhost/replica:0/task:0/device:GPU:0 with 3651 MB memory) -> physical GPU (device: 0, name: Quadro P4000, pci bus id: 0000:00:05.0, compute capability: 6.1)
/home/paperspace/anaconda3/lib/python3.6/site-packages/h5py/__init__.py:36: FutureWarning: Conversion of the second argument of issubdtype from `float` to `np.floating` is deprecated. In future, it will be treated as `np.float64 == np.dtype(float).type`.
  from ._conv import register_converters as _register_converters
Using TensorFlow backend.
no query type selected!
training on  60000 images
